<?xml version="1.0" encoding="UTF-8"?>
<testsuite name="nl.tudelft.jpacman.level.MapParserTest" tests="6" skipped="0" failures="0" errors="0" timestamp="2023-05-18T05:06:05" hostname="LAPTOP-1IK9F399" time="0.152">
  <properties/>
  <testcase name="测试交互正确性" classname="nl.tudelft.jpacman.level.MapParserTest" time="0.028"/>
  <testcase name="强制抛出异常" classname="nl.tudelft.jpacman.level.MapParserTest" time="0.117"/>
  <testcase name="找不到文件" classname="nl.tudelft.jpacman.level.MapParserTest" time="0.001"/>
  <testcase name="文件为空" classname="nl.tudelft.jpacman.level.MapParserTest" time="0.001"/>
  <testcase name="第一行为空" classname="nl.tudelft.jpacman.level.MapParserTest" time="0.002"/>
  <testcase name="其他行与第一行长度不等" classname="nl.tudelft.jpacman.level.MapParserTest" time="0.001"/>
  <system-out><![CDATA[]]></system-out>
  <system-err><![CDATA[]]></system-err>
</testsuite>
